SF:lib\src\config.dart
DA:16,4
DA:22,3
DA:23,3
DA:24,3
DA:25,3
DA:26,3
DA:31,6
DA:34,4
DA:35,2
DA:38,2
DA:40,2
DA:43,2
LF:12
LH:12
end_of_record
SF:lib\src\theme.dart
DA:6,4
DA:15,6
DA:18,6
DA:21,15
DA:24,4
DA:25,4
DA:28,16
DA:34,1
DA:35,1
DA:36,2
DA:37,1
DA:42,2
DA:43,12
DA:44,6
DA:47,1
DA:48,3
DA:49,3
DA:53,1
DA:57,2
DA:59,2
DA:61,1
DA:65,4
DA:66,15
DA:67,3
DA:68,3
LF:25
LH:25
end_of_record
SF:lib\src\themes.dart
DA:7,8
DA:10,6
DA:13,6
DA:16,3
DA:18,0
DA:19,0
DA:22,0
DA:25,1
DA:28,2
DA:32,1
DA:35,2
DA:46,2
DA:49,4
DA:53,6
DA:57,1
DA:60,2
LF:16
LH:13
end_of_record
