SF:lib\src\config.dart
DA:16,0
DA:22,0
DA:23,0
DA:24,0
DA:25,0
DA:26,0
LF:6
LH:0
end_of_record
SF:lib\src\q_theme.dart
DA:6,0
DA:9,0
DA:10,0
DA:13,0
DA:15,0
DA:18,0
LF:6
LH:0
end_of_record
SF:lib\src\theme.dart
DA:7,0
DA:16,0
DA:19,0
DA:22,0
DA:25,0
DA:26,0
DA:29,0
DA:35,0
DA:36,0
DA:37,0
DA:38,0
DA:43,0
DA:44,0
DA:45,0
DA:48,0
DA:49,0
DA:50,0
DA:54,0
DA:58,0
DA:60,0
DA:62,0
DA:66,0
DA:67,0
DA:68,0
DA:69,0
LF:25
LH:0
end_of_record
SF:lib\src\themes.dart
DA:8,2
DA:11,0
DA:14,0
DA:17,0
DA:19,0
DA:20,0
DA:23,0
DA:26,0
DA:29,0
DA:33,0
DA:36,0
DA:47,1
DA:50,1
DA:54,0
DA:58,1
DA:61,1
LF:16
LH:5
end_of_record
SF:lib\src\launcher.dart
DA:9,0
DA:11,0
DA:13,0
DA:16,0
DA:17,0
LF:5
LH:0
end_of_record
