SF:lib\src\container.dart
DA:5,3
DA:10,3
DA:12,2
DA:14,1
DA:17,3
DA:19,1
DA:22,2
DA:24,1
DA:28,1
DA:29,1
DA:32,0
DA:36,0
DA:38,1
DA:42,1
DA:43,1
DA:48,1
DA:52,1
DA:53,1
DA:58,1
DA:61,1
DA:62,1
DA:63,3
DA:67,1
DA:69,1
DA:73,1
DA:76,1
DA:77,1
DA:78,2
DA:81,1
DA:83,1
DA:88,1
DA:89,1
DA:90,2
DA:92,1
DA:96,1
DA:97,3
DA:98,2
DA:99,1
DA:104,1
DA:109,1
DA:111,2
DA:120,2
LF:42
LH:40
end_of_record
SF:lib\src\managers.dart
DA:20,2
DA:24,2
DA:25,2
DA:34,2
DA:36,1
DA:37,3
DA:44,2
DA:46,1
DA:47,2
LF:9
LH:9
end_of_record
SF:lib\src\shortcuts.dart
DA:3,0
DA:6,0
LF:2
LH:0
end_of_record
