SF:lib\src\managers.dart
DA:8,2
DA:10,2
DA:11,2
DA:18,2
DA:20,1
DA:21,3
DA:27,2
DA:29,1
DA:30,2
LF:9
LH:9
end_of_record
SF:lib\src\container.dart
DA:7,3
DA:9,2
DA:11,1
DA:14,3
DA:16,1
DA:19,2
DA:21,1
DA:25,1
DA:26,1
DA:30,1
DA:34,1
DA:35,1
DA:40,1
DA:44,1
DA:45,1
DA:50,1
DA:53,1
DA:54,1
DA:55,3
DA:59,1
DA:61,1
DA:65,1
DA:68,1
DA:69,1
DA:70,2
DA:73,1
DA:75,1
DA:80,1
DA:81,1
DA:82,2
DA:84,1
DA:88,1
DA:89,3
DA:90,2
DA:91,1
DA:96,1
DA:101,1
DA:103,2
DA:112,2
LF:39
LH:39
end_of_record
SF:lib\src\shortcuts.dart
DA:3,0
DA:6,0
LF:2
LH:0
end_of_record
