SF:lib\themes\models.dart
DA:15,11
DA:21,3
DA:22,3
DA:23,3
DA:24,3
DA:25,3
DA:30,48
DA:33,18
DA:34,9
DA:37,9
DA:39,9
DA:42,9
LF:12
LH:12
end_of_record
SF:lib\core\widgets\queen_builder.dart
DA:15,2
DA:19,2
DA:21,2
DA:22,2
DA:27,2
DA:29,6
DA:31,6
DA:33,6
DA:34,2
DA:37,2
DA:39,6
DA:40,6
DA:41,2
DA:44,2
DA:45,1
DA:46,1
DA:48,1
DA:49,1
DA:52,2
DA:55,2
DA:57,2
DA:58,6
DA:59,4
DA:60,2
DA:61,2
DA:64,2
DA:73,2
DA:76,2
DA:78,2
DA:80,2
DA:82,2
DA:84,4
LF:32
LH:32
end_of_record
SF:lib\debug_bar.dart
DA:7,0
DA:13,8
DA:28,46
DA:30,2
DA:31,2
DA:36,2
DA:38,2
DA:39,2
DA:43,6
DA:45,8
DA:47,6
DA:50,4
DA:51,8
DA:53,10
DA:54,2
DA:55,2
DA:56,2
DA:57,0
DA:58,0
DA:59,0
DA:62,2
DA:63,2
DA:66,2
DA:67,2
DA:68,4
DA:70,2
DA:71,0
DA:72,2
DA:77,2
DA:78,2
DA:79,2
DA:80,2
DA:81,2
DA:82,4
DA:83,2
DA:84,4
DA:86,2
DA:87,0
DA:89,0
DA:95,2
DA:97,2
DA:98,2
DA:99,2
DA:100,4
DA:101,2
DA:102,4
DA:104,2
DA:105,0
DA:106,0
DA:111,2
DA:116,2
DA:118,2
DA:119,2
DA:120,0
DA:121,0
DA:135,2
DA:139,2
DA:141,2
DA:143,2
DA:144,2
DA:145,2
DA:146,2
DA:147,2
LF:63
LH:52
end_of_record
SF:lib\facade.dart
DA:6,22
DA:8,1
DA:9,2
DA:13,11
DA:17,22
DA:18,11
DA:19,11
DA:20,11
DA:21,11
DA:22,11
DA:23,22
DA:24,22
DA:29,3
DA:30,6
LF:14
LH:14
end_of_record
SF:lib\locators.dart
DA:5,33
DA:9,11
DA:10,22
DA:14,0
DA:15,0
DA:18,0
DA:19,0
DA:22,11
DA:23,22
DA:26,10
DA:27,20
LF:11
LH:7
end_of_record
SF:lib\translations.dart
DA:23,46
LF:1
LH:1
end_of_record
SF:lib\themes\facade.dart
DA:8,8
DA:11,6
DA:14,6
DA:17,9
DA:20,8
DA:23,1
DA:26,2
DA:30,1
DA:33,2
DA:44,2
DA:47,4
DA:51,6
DA:55,1
DA:58,2
LF:14
LH:14
end_of_record
SF:lib\themes\notifier.dart
DA:9,11
DA:18,6
DA:21,6
DA:24,15
DA:27,11
DA:28,22
DA:31,44
DA:37,1
DA:38,1
DA:39,4
DA:40,1
DA:45,2
DA:46,12
DA:47,8
DA:50,1
DA:51,3
DA:52,3
DA:56,2
DA:60,2
DA:62,4
DA:64,1
DA:68,4
DA:69,15
DA:70,9
DA:71,3
LF:25
LH:25
end_of_record
SF:lib\translations\controller.dart
DA:12,11
DA:22,11
DA:23,22
DA:26,16
DA:27,16
DA:30,12
DA:31,0
DA:33,12
DA:36,33
DA:40,1
DA:41,1
DA:42,4
DA:43,2
DA:47,22
DA:50,6
DA:55,6
DA:60,11
DA:62,11
DA:64,33
DA:65,44
DA:68,22
DA:69,44
DA:71,22
DA:75,11
DA:76,11
DA:77,11
DA:79,11
LF:27
LH:26
end_of_record
SF:lib\translations\extensions\locale.dart
DA:7,33
LF:1
LH:1
end_of_record
SF:lib\translations\extensions\string.dart
DA:9,2
DA:10,4
DA:11,3
DA:15,1
DA:16,2
DA:17,3
DA:21,1
DA:22,2
DA:23,3
DA:27,1
DA:28,2
DA:29,1
DA:30,1
DA:31,1
DA:35,1
DA:36,2
DA:37,3
DA:41,1
DA:45,2
DA:46,3
DA:50,1
DA:51,1
LF:22
LH:22
end_of_record
SF:lib\translations\facade.dart
DA:9,22
DA:12,3
DA:15,11
DA:16,33
DA:19,1
DA:22,2
LF:6
LH:6
end_of_record
SF:lib\translations\helpers\string.dart
DA:6,2
DA:7,2
DA:8,2
DA:9,2
DA:10,2
DA:11,1
DA:12,1
DA:20,2
DA:22,2
DA:23,2
DA:24,2
DA:25,2
DA:26,2
DA:27,2
DA:28,2
DA:29,2
DA:30,2
DA:31,2
DA:35,1
DA:37,1
DA:38,1
DA:39,1
DA:40,1
DA:41,1
DA:42,1
DA:43,1
DA:44,1
DA:45,1
DA:46,1
DA:51,1
DA:52,4
DA:58,1
DA:60,1
DA:61,4
DA:62,1
DA:68,3
DA:70,6
DA:71,3
DA:72,15
LF:39
LH:39
end_of_record
SF:lib\translations\loaders\assets.dart
DA:10,46
DA:12,11
DA:13,33
LF:3
LH:3
end_of_record
SF:lib\translations\loaders\base.dart
DA:10,98
LF:1
LH:1
end_of_record
SF:lib\translations\models\config.dart
DA:7,51
DA:13,4
DA:19,11
DA:27,1
DA:34,1
DA:38,1
DA:43,1
DA:47,1
DA:51,1
DA:55,1
DA:59,1
LF:11
LH:11
end_of_record
SF:lib\translations\loaders\nation_assets.dart
DA:10,50
DA:12,12
DA:14,12
DA:15,12
DA:17,6
DA:19,1
DA:22,1
LF:7
LH:7
end_of_record
SF:lib\translations\extract\map.dart
DA:6,2
DA:9,2
DA:11,1
DA:14,4
DA:15,4
DA:16,2
DA:17,4
DA:18,2
DA:22,2
DA:24,4
DA:25,6
DA:26,4
DA:27,2
DA:28,6
DA:29,2
DA:30,4
DA:31,2
DA:38,1
DA:40,3
DA:41,2
LF:20
LH:20
end_of_record
SF:lib\translations\extract\not_found.dart
DA:6,3
DA:8,3
LF:2
LH:2
end_of_record
SF:lib\translations\extract\string.dart
DA:6,3
DA:9,3
DA:11,1
DA:12,2
DA:14,3
DA:15,3
LF:6
LH:6
end_of_record
SF:lib\translations\extract\base.dart
DA:10,6
DA:22,3
DA:25,9
DA:27,3
DA:28,2
DA:29,2
DA:30,1
DA:32,2
DA:36,2
DA:39,3
DA:42,3
DA:45,3
LF:12
LH:12
end_of_record
SF:lib\translations\helpers\extractors.dart
DA:6,3
DA:7,6
DA:9,6
DA:13,2
DA:16,4
DA:17,4
DA:19,2
DA:23,6
DA:24,4
DA:25,4
DA:26,4
DA:31,1
LF:12
LH:12
end_of_record
SF:lib\translations\helpers\files.dart
DA:10,11
DA:11,22
DA:18,11
DA:21,0
DA:23,33
LF:5
LH:4
end_of_record
SF:lib\validation\colors\is_hex_color.dart
DA:7,1
DA:9,1
DA:10,1
LF:3
LH:3
end_of_record
SF:lib\validation\dates\is_date.dart
DA:6,1
DA:8,1
DA:9,1
LF:3
LH:3
end_of_record
SF:lib\validation\dates\is_date_mills.dart
DA:14,1
DA:17,1
DA:19,1
DA:20,2
LF:4
LH:4
end_of_record
SF:lib\validation\it\is_boolean.dart
DA:6,1
DA:8,1
DA:9,1
LF:3
LH:3
end_of_record
SF:lib\validation\it\is_email.dart
DA:7,1
DA:9,1
DA:10,1
LF:3
LH:3
end_of_record
SF:lib\validation\it\is_port.dart
DA:7,1
DA:9,1
DA:10,1
LF:3
LH:3
end_of_record
SF:lib\validation\it\regx.dart
DA:7,2
DA:9,1
DA:10,2
LF:3
LH:3
end_of_record
SF:lib\validation\languages\is_ltr_language.dart
DA:6,2
DA:8,1
DA:9,1
LF:3
LH:3
end_of_record
SF:lib\validation\languages\is_rtl_language.dart
DA:6,2
DA:8,1
DA:9,1
LF:3
LH:3
end_of_record
SF:lib\validation\lists\contains_any.dart
DA:10,2
DA:12,1
DA:13,2
LF:3
LH:3
end_of_record
SF:lib\validation\lists\is_in.dart
DA:9,2
DA:11,1
DA:12,2
LF:3
LH:3
end_of_record
SF:lib\validation\lists\is_not_in.dart
DA:9,2
DA:11,1
DA:12,2
LF:3
LH:3
end_of_record
SF:lib\validation\lists\not_contains_any.dart
DA:10,1
DA:13,1
DA:22,1
DA:23,2
LF:4
LH:4
end_of_record
SF:lib\validation\magic\is_optional.dart
DA:7,4
DA:9,2
LF:2
LH:2
end_of_record
SF:lib\validation\numbers\is_number.dart
DA:7,2
DA:9,1
DA:10,1
LF:3
LH:3
end_of_record
SF:lib\validation\numbers\max_value.dart
DA:8,2
DA:10,1
DA:11,2
LF:3
LH:3
end_of_record
SF:lib\validation\numbers\min_value.dart
DA:8,2
DA:10,1
DA:11,2
LF:3
LH:3
end_of_record
SF:lib\validation\phone\is_egy_number.dart
DA:6,2
DA:8,1
DA:9,1
LF:3
LH:3
end_of_record
SF:lib\validation\phone\is_ksa_number.dart
DA:6,2
DA:8,1
DA:9,1
LF:3
LH:3
end_of_record
SF:lib\validation\text\contains.dart
DA:9,2
DA:11,1
DA:12,3
LF:3
LH:3
end_of_record
SF:lib\validation\text\ends_with.dart
DA:7,2
DA:9,1
DA:10,3
LF:3
LH:3
end_of_record
SF:lib\validation\text\is_empty.dart
DA:6,2
DA:8,1
DA:9,1
LF:3
LH:3
end_of_record
SF:lib\validation\text\is_not_empty.dart
DA:9,4
DA:11,2
DA:12,2
LF:3
LH:3
end_of_record
SF:lib\validation\text\match.dart
DA:9,1
DA:13,1
DA:15,1
DA:16,1
DA:17,2
DA:18,4
DA:28,1
DA:34,3
DA:36,1
LF:9
LH:9
end_of_record
SF:lib\validation\text\max_length.dart
DA:7,4
DA:9,2
DA:10,8
LF:3
LH:3
end_of_record
SF:lib\validation\text\min_length.dart
DA:8,4
DA:10,1
DA:12,4
LF:3
LH:3
end_of_record
SF:lib\validation\text\not_contains.dart
DA:9,2
DA:11,1
DA:12,3
LF:3
LH:3
end_of_record
SF:lib\validation\text\starts_with.dart
DA:7,2
DA:9,1
DA:10,3
LF:3
LH:3
end_of_record
SF:lib\validation\validator.dart
DA:15,30
DA:26,6
DA:51,1
DA:56,1
DA:68,2
DA:74,1
DA:81,2
DA:88,1
DA:93,1
LF:9
LH:9
end_of_record
SF:lib\validation\urls\is_facebook_url.dart
DA:6,2
DA:8,1
DA:9,1
LF:3
LH:3
end_of_record
SF:lib\validation\urls\is_instgram_url.dart
DA:6,2
DA:8,1
DA:9,1
LF:3
LH:3
end_of_record
SF:lib\validation\urls\is_url.dart
DA:6,2
DA:8,1
DA:9,1
LF:3
LH:3
end_of_record
SF:lib\validation\urls\is_youtube_url.dart
DA:6,2
DA:8,1
DA:9,1
LF:3
LH:3
end_of_record
