SF:lib\themes\models.dart
DA:15,9
DA:21,2
DA:22,2
DA:23,2
DA:24,2
DA:25,2
DA:30,44
DA:33,16
DA:34,8
DA:37,8
DA:39,8
DA:42,8
LF:12
LH:12
end_of_record
SF:lib\core\widgets\queen_builder.dart
DA:15,2
DA:19,2
DA:21,2
DA:22,2
DA:27,2
DA:29,6
DA:31,6
DA:33,6
DA:34,2
DA:37,2
DA:39,6
DA:40,6
DA:41,2
DA:44,2
DA:45,1
DA:46,1
DA:48,1
DA:49,1
DA:52,2
DA:55,2
DA:57,2
DA:58,6
DA:59,4
DA:60,2
DA:61,2
DA:64,2
DA:73,2
DA:76,2
DA:78,2
DA:80,2
DA:82,2
DA:84,4
LF:32
LH:32
end_of_record
SF:lib\debug_bar.dart
DA:7,0
DA:13,8
DA:28,43
DA:30,2
DA:31,2
DA:36,2
DA:38,2
DA:39,2
DA:43,6
DA:45,8
DA:47,6
DA:50,4
DA:51,8
DA:53,10
DA:54,2
DA:55,2
DA:56,2
DA:57,0
DA:58,0
DA:59,0
DA:62,2
DA:63,2
DA:66,2
DA:67,2
DA:68,4
DA:70,2
DA:71,0
DA:72,2
DA:77,2
DA:78,2
DA:79,2
DA:80,2
DA:81,2
DA:82,4
DA:83,2
DA:84,4
DA:86,2
DA:87,0
DA:89,0
DA:95,2
DA:97,2
DA:98,2
DA:99,2
DA:100,4
DA:101,2
DA:102,4
DA:104,2
DA:105,0
DA:106,0
DA:111,2
DA:116,2
DA:118,2
DA:119,2
DA:120,0
DA:121,0
DA:135,2
DA:139,2
DA:141,2
DA:143,2
DA:144,2
DA:145,2
DA:146,2
DA:147,2
LF:63
LH:52
end_of_record
SF:lib\core\helpers\testing.dart
DA:3,9
DA:4,18
LF:2
LH:2
end_of_record
SF:lib\facade.dart
DA:8,18
DA:10,1
DA:11,2
DA:15,9
DA:19,9
DA:20,0
DA:23,18
DA:24,9
DA:25,9
DA:26,9
DA:27,9
DA:28,9
DA:29,18
DA:30,18
DA:35,1
DA:36,2
DA:41,0
DA:42,0
LF:18
LH:15
end_of_record
SF:lib\locators.dart
DA:5,27
DA:9,9
DA:10,18
DA:14,0
DA:15,0
DA:18,0
DA:19,0
DA:22,9
DA:23,18
DA:26,8
DA:27,16
LF:11
LH:7
end_of_record
SF:lib\translations.dart
DA:23,43
LF:1
LH:1
end_of_record
SF:lib\themes\facade.dart
DA:8,4
DA:11,6
DA:14,6
DA:17,6
DA:20,8
DA:23,0
DA:26,0
DA:30,0
DA:33,0
DA:37,0
DA:40,0
DA:44,0
DA:47,0
DA:51,6
DA:55,0
DA:58,0
LF:16
LH:6
end_of_record
SF:lib\themes\notifier.dart
DA:11,9
DA:20,6
DA:23,4
DA:26,10
DA:29,9
DA:30,18
DA:33,36
DA:39,0
DA:40,0
DA:41,0
DA:42,0
DA:47,2
DA:48,12
DA:49,8
DA:52,0
DA:53,0
DA:54,0
DA:58,0
DA:62,0
DA:64,0
DA:66,0
DA:67,0
DA:74,2
DA:75,8
DA:76,6
DA:77,2
LF:26
LH:14
end_of_record
SF:lib\translations\controller.dart
DA:12,9
DA:22,9
DA:23,18
DA:26,14
DA:27,14
DA:30,9
DA:31,0
DA:33,9
DA:36,27
DA:40,1
DA:41,1
DA:42,4
DA:43,2
DA:47,18
DA:50,6
DA:55,6
DA:60,9
DA:62,9
DA:64,27
DA:65,36
DA:68,18
DA:69,36
DA:71,18
DA:75,9
DA:76,9
DA:77,9
DA:79,9
LF:27
LH:26
end_of_record
SF:lib\translations\extensions\locale.dart
DA:7,27
LF:1
LH:1
end_of_record
SF:lib\translations\extensions\string.dart
DA:9,2
DA:10,4
DA:11,3
DA:15,1
DA:16,2
DA:17,3
DA:21,1
DA:22,2
DA:23,3
DA:27,1
DA:28,2
DA:29,1
DA:30,1
DA:31,1
DA:35,1
DA:36,2
DA:37,3
DA:41,1
DA:45,2
DA:46,3
DA:50,1
DA:51,1
LF:22
LH:22
end_of_record
SF:lib\translations\facade.dart
DA:9,18
DA:12,3
DA:15,9
DA:16,27
DA:19,1
DA:22,2
LF:6
LH:6
end_of_record
SF:lib\translations\helpers\string.dart
DA:6,2
DA:7,2
DA:8,2
DA:9,2
DA:10,2
DA:11,1
DA:12,1
DA:20,2
DA:22,2
DA:23,2
DA:24,2
DA:25,2
DA:26,2
DA:27,2
DA:28,2
DA:29,2
DA:30,2
DA:31,2
DA:35,1
DA:37,1
DA:38,1
DA:39,1
DA:40,1
DA:41,1
DA:42,1
DA:43,1
DA:44,1
DA:45,1
DA:46,1
DA:51,1
DA:52,4
DA:58,1
DA:60,1
DA:61,4
DA:62,1
DA:68,3
DA:70,6
DA:71,3
DA:72,15
LF:39
LH:39
end_of_record
SF:lib\translations\loaders\assets.dart
DA:10,43
DA:12,9
DA:13,27
LF:3
LH:3
end_of_record
SF:lib\translations\loaders\base.dart
DA:10,92
LF:1
LH:1
end_of_record
SF:lib\translations\models\config.dart
DA:7,48
DA:13,3
DA:19,9
DA:27,1
DA:34,1
DA:38,1
DA:43,1
DA:47,1
DA:51,1
DA:55,1
DA:59,1
LF:11
LH:11
end_of_record
SF:lib\translations\loaders\nation_assets.dart
DA:10,47
DA:12,10
DA:14,10
DA:15,10
DA:17,5
DA:19,1
DA:22,1
LF:7
LH:7
end_of_record
SF:lib\translations\extract\map.dart
DA:6,2
DA:9,2
DA:11,1
DA:14,4
DA:15,4
DA:16,2
DA:17,4
DA:18,2
DA:22,2
DA:24,4
DA:25,6
DA:26,4
DA:27,2
DA:28,6
DA:29,2
DA:30,4
DA:31,2
DA:38,1
DA:40,3
DA:41,2
LF:20
LH:20
end_of_record
SF:lib\translations\extract\not_found.dart
DA:6,3
DA:8,3
LF:2
LH:2
end_of_record
SF:lib\translations\extract\string.dart
DA:6,3
DA:9,3
DA:11,1
DA:12,2
DA:14,3
DA:15,3
LF:6
LH:6
end_of_record
SF:lib\translations\extract\base.dart
DA:10,6
DA:22,3
DA:25,9
DA:27,3
DA:28,2
DA:29,2
DA:30,1
DA:32,2
DA:36,2
DA:39,3
DA:42,3
DA:45,3
LF:12
LH:12
end_of_record
SF:lib\translations\helpers\extractors.dart
DA:6,2
DA:7,4
DA:9,4
DA:13,1
DA:16,2
DA:17,2
DA:19,1
DA:23,3
DA:24,2
DA:25,2
DA:26,2
DA:31,0
LF:12
LH:11
end_of_record
SF:lib\translations\helpers\files.dart
DA:10,9
DA:11,18
DA:18,9
DA:21,0
DA:23,27
LF:5
LH:4
end_of_record
SF:lib\validation\colors\is_hex_color.dart
DA:7,1
DA:9,1
DA:10,1
LF:3
LH:3
end_of_record
SF:lib\validation\dates\is_date.dart
DA:6,1
DA:8,1
DA:9,1
LF:3
LH:3
end_of_record
SF:lib\validation\dates\is_date_mills.dart
DA:14,1
DA:17,1
DA:19,1
DA:20,2
LF:4
LH:4
end_of_record
SF:lib\validation\it\is_boolean.dart
DA:6,1
DA:8,1
DA:9,1
LF:3
LH:3
end_of_record
SF:lib\validation\it\is_email.dart
DA:7,1
DA:9,1
DA:10,1
LF:3
LH:3
end_of_record
SF:lib\validation\it\is_port.dart
DA:7,1
DA:9,1
DA:10,1
LF:3
LH:3
end_of_record
SF:lib\validation\it\regx.dart
DA:7,2
DA:9,1
DA:10,2
LF:3
LH:3
end_of_record
SF:lib\validation\languages\is_ltr_language.dart
DA:6,2
DA:8,1
DA:9,1
LF:3
LH:3
end_of_record
SF:lib\validation\languages\is_rtl_language.dart
DA:6,2
DA:8,1
DA:9,1
LF:3
LH:3
end_of_record
SF:lib\validation\lists\contains_any.dart
DA:10,2
DA:12,1
DA:13,2
LF:3
LH:3
end_of_record
SF:lib\validation\lists\is_in.dart
DA:9,2
DA:11,1
DA:12,2
LF:3
LH:3
end_of_record
SF:lib\validation\lists\is_not_in.dart
DA:9,2
DA:11,1
DA:12,2
LF:3
LH:3
end_of_record
SF:lib\validation\lists\not_contains_any.dart
DA:10,1
DA:13,1
DA:22,1
DA:23,2
LF:4
LH:4
end_of_record
SF:lib\validation\magic\is_optional.dart
DA:7,4
DA:9,2
LF:2
LH:2
end_of_record
SF:lib\validation\numbers\is_number.dart
DA:7,2
DA:9,1
DA:10,1
LF:3
LH:3
end_of_record
SF:lib\validation\numbers\max_value.dart
DA:8,2
DA:10,1
DA:11,2
LF:3
LH:3
end_of_record
SF:lib\validation\numbers\min_value.dart
DA:8,2
DA:10,1
DA:11,2
LF:3
LH:3
end_of_record
SF:lib\validation\phone\is_egy_number.dart
DA:6,2
DA:8,1
DA:9,1
LF:3
LH:3
end_of_record
SF:lib\validation\phone\is_ksa_number.dart
DA:6,2
DA:8,1
DA:9,1
LF:3
LH:3
end_of_record
SF:lib\validation\text\contains.dart
DA:9,2
DA:11,1
DA:12,3
LF:3
LH:3
end_of_record
SF:lib\validation\text\ends_with.dart
DA:7,2
DA:9,1
DA:10,3
LF:3
LH:3
end_of_record
SF:lib\validation\text\is_empty.dart
DA:6,2
DA:8,1
DA:9,1
LF:3
LH:3
end_of_record
SF:lib\validation\text\is_not_empty.dart
DA:9,4
DA:11,2
DA:12,2
LF:3
LH:3
end_of_record
SF:lib\validation\text\match.dart
DA:9,1
DA:13,1
DA:15,1
DA:16,1
DA:17,2
DA:18,4
DA:28,1
DA:34,3
DA:36,1
LF:9
LH:9
end_of_record
SF:lib\validation\text\max_length.dart
DA:7,4
DA:9,2
DA:10,8
LF:3
LH:3
end_of_record
SF:lib\validation\text\min_length.dart
DA:8,4
DA:10,1
DA:12,4
LF:3
LH:3
end_of_record
SF:lib\validation\text\not_contains.dart
DA:9,2
DA:11,1
DA:12,3
LF:3
LH:3
end_of_record
SF:lib\validation\text\starts_with.dart
DA:7,2
DA:9,1
DA:10,3
LF:3
LH:3
end_of_record
SF:lib\validation\validator.dart
DA:15,30
DA:26,6
DA:51,1
DA:56,1
DA:68,2
DA:74,1
DA:81,2
DA:88,1
DA:93,1
LF:9
LH:9
end_of_record
SF:lib\validation\urls\is_facebook_url.dart
DA:6,2
DA:8,1
DA:9,1
LF:3
LH:3
end_of_record
SF:lib\validation\urls\is_instgram_url.dart
DA:6,2
DA:8,1
DA:9,1
LF:3
LH:3
end_of_record
SF:lib\validation\urls\is_url.dart
DA:6,2
DA:8,1
DA:9,1
LF:3
LH:3
end_of_record
SF:lib\validation\urls\is_youtube_url.dart
DA:6,2
DA:8,1
DA:9,1
LF:3
LH:3
end_of_record
